[2024-10-15T15:01:49.880135+00:00] my_logger.INFO: Invalid place data [] []
[2024-10-15T15:03:43.368146+00:00] my_logger.INFO: Invalid place data [] []
[2024-10-15T15:15:06.176399+00:00] my_logger.INFO: Modification de rendez-vous bien enregistrée {"id":"7j8k9l0m-1121-3141-5161-9201n3o4p5q6","specialitee":"B","idPatient":"pa11"} []
[2024-10-15T15:53:18.561838+00:00] my_logger.ERROR: Modification de rendez-vous échouée {"error":"Specialite B not found"} []
[2024-10-20T23:36:06.633046+00:00] my_logger.ERROR: Modification de rendez-vous échouée {"error":"Specialite B not found"} []
[2024-10-20T23:52:09.600382+00:00] my_logger.ERROR: Modification de rendez-vous échouée {"error":"Specialite B not found"} []
[2024-10-21T16:03:30.749143+00:00] my_logger.ERROR: Modification de rendez-vous échouée {"error":"Specialite B not found"} []
[2024-10-21T16:03:59.523540+00:00] my_logger.ERROR: Modification de rendez-vous échouée {"error":"Specialite B not found"} []
[2024-10-21T16:05:22.250259+00:00] my_logger.ERROR: Modification de rendez-vous échouée {"error":"Specialite B not found"} []
[2024-10-21T16:05:47.096709+00:00] my_logger.ERROR: Modification de rendez-vous échouée {"error":"Specialite B not found"} []
[2024-10-21T16:26:41.854960+00:00] my_logger.INFO: Modification de rendez-vous bien enregistrée {"id":"7j8k9l0m-1121-3141-5161-9201n3o4p5q6","specialitee":"3f4g5h6i-7890-1121-3141-5161j8k9l0m1","idPatient":"3c4d5e6f-7890-1121-3141-5161c7d8e9f0"} []
[2024-10-21T18:03:44.257887+00:00] my_logger.INFO: Modification de rendez-vous bien enregistrée {"id":"7j8k9l0m-1121-3141-5161-9201n3o4p5q6","specialitee":"3f4g5h6i-7890-1121-3141-5161j8k9l0m1","idPatient":"3c4d5e6f-7890-1121-3141-5161c7d8e9f0"} []
[2025-01-22T14:42:45.437381+00:00] my_logger.ERROR: Modification de rendez-vous échouée {"error":"Patient 3c4d5e6f-7890-1121-3141-5161c7d8e9f0 not found"} []
[2025-01-22T14:45:10.025336+00:00] my_logger.ERROR: Modification de rendez-vous échouée {"error":"Patient 3c4d5e6f-7890-1121-3141-5161c7d8e9f0 not found"} []
[2025-01-22T14:46:21.762900+00:00] my_logger.ERROR: Modification de rendez-vous échouée {"error":"Patient 3c4d5e6f-7890-1121-3141-5161c7d8e9f0 not found"} []
[2025-01-28T16:04:11.106498+00:00] my_logger.INFO: Message sent to AMQP {"message":{"event":"RDVCREE","rdv":{"id":"770513d3-68d3-4eec-86e4-622bfd7e8672","creneau":"2024-11-16T10:00:00+00:00","specialitee":"1d2e3f4g-5678-9101-1121-3141h6i7j8k9","idPraticien":"4g5h6i7j-8901-1121-3141-6171k9l0m1n2","idPatient":"8o9p0q1r-2131-4151-6171-9202n3o4p5q6"}}} []
[2025-02-02T19:52:45.980435+00:00] my_logger.INFO: Message sent to AMQP {"message":{"event":"RDVCREE","rdv":{"id":"f741650f-396d-4fab-aefd-76a6cab02f77","creneau":"2025-10-14T10:10:00+00:00","specialitee":"1d2e3f4g-5678-9101-1121-3141h6i7j8k9","idPraticien":"4g5h6i7j-8901-1121-3141-6171k9l0m1n2","idPatient":"1a2b3c4d-5678-9101-1121-3141a5b6c7d8"}}} []
[2025-02-02T20:20:20.694210+00:00] my_logger.INFO: Message sent to AMQP {"message":{"evenement":"RDVCREE","rdv":{"id":"139b8d28-ff2a-4ae4-a793-8343aa289d42","creneau":"2025-11-14T10:10:00+00:00","specialitee":"1d2e3f4g-5678-9101-1121-3141h6i7j8k9","idPraticien":"4g5h6i7j-8901-1121-3141-6171k9l0m1n2","idPatient":"1a2b3c4d-5678-9101-1121-3141a5b6c7d8"}}} []
[2025-02-02T20:29:02.388330+00:00] my_logger.INFO: Message sent to AMQP {"message":{"evenement":"RDVCREE","rdv":{"id":"b3ad376b-3e83-4d4a-bc04-a8c165419215","creneau":"2025-12-14T10:10:00+00:00","specialitee":"1d2e3f4g-5678-9101-1121-3141h6i7j8k9","idPraticien":"4g5h6i7j-8901-1121-3141-6171k9l0m1n2","idPatient":"1a2b3c4d-5678-9101-1121-3141a5b6c7d8"}}} []
[2025-02-02T20:45:00.118403+00:00] my_logger.INFO: Message sent to AMQP {"message":{"evenement":"RDVCREE","rdv":{"id":"9e6ddcc9-b6e0-4512-8aa9-5a91301543b0","creneau":"2025-08-14T10:10:00+00:00","specialitee":"1d2e3f4g-5678-9101-1121-3141h6i7j8k9","idPraticien":"4g5h6i7j-8901-1121-3141-6171k9l0m1n2","idPatient":"1a2b3c4d-5678-9101-1121-3141a5b6c7d8"}}} []
[2025-02-02T21:09:11.940275+00:00] my_logger.INFO: Message sent to AMQP {"message":{"evenement":"RDVCREE","email":"patient@yahoo.fr","rdv":{"id":"f9fecdaf-4433-4a8a-b410-72cd131391e0","creneau":"2025-07-14T10:10:00+00:00","specialitee":"1d2e3f4g-5678-9101-1121-3141h6i7j8k9","idPraticien":"4g5h6i7j-8901-1121-3141-6171k9l0m1n2","idPatient":"1a2b3c4d-5678-9101-1121-3141a5b6c7d8"}}} []
[2025-02-02T21:10:20.310116+00:00] my_logger.INFO: Message sent to AMQP {"message":{"evenement":"RDVCREE","email":"fionton@yahoo.fr","rdv":{"id":"48751ec6-85e1-4859-a4c6-9a355e24ce7f","creneau":"2025-06-14T10:10:00+00:00","specialitee":"1d2e3f4g-5678-9101-1121-3141h6i7j8k9","idPraticien":"4g5h6i7j-8901-1121-3141-6171k9l0m1n2","idPatient":"1a2b3c4d-5678-9101-1121-3141a5b6c7d8"}}} []
[2025-02-02T22:16:06.735293+00:00] my_logger.INFO: Message sent to AMQP {"message":{"evenement":"RDVCREE","email":"test@example.com","rdv":{"id":"d1d2506d-ac28-4b83-8fc8-278b34a477ca","creneau":"2025-01-14T10:10:00+00:00","specialitee":"1d2e3f4g-5678-9101-1121-3141h6i7j8k9","idPraticien":"4g5h6i7j-8901-1121-3141-6171k9l0m1n2","idPatient":"1a2b3c4d-5678-9101-1121-3141a5b6c7d8"}}} []
